2023-11-18 11:20:15,953 [INFO] Activator:176 - 


2023-11-18 11:20:15,954 [INFO] Activator:177 - !SESSION log4j initialized
2023-11-18 11:20:17,683 [INFO] LogOutputStream:77 - [STDOUT_REDIRECT] 
2023-11-18 11:20:18,974 [INFO] ApplicationProperties:184 - Using Application install path: C:\ST\STM32CubeIDE_1.10.1\STM32CubeIDE\plugins\com.st.stm32cube.common.mx_6.9.2.202309101412
2023-11-18 11:20:18,987 [INFO] DbMcusXml:78 - Set database path to: C:\ST\STM32CubeIDE_1.10.1\STM32CubeIDE\plugins\com.st.stm32cube.common.mx_6.9.2.202309101412\\db\/mcu/
2023-11-18 11:20:18,988 [INFO] ApiDb:274 - Set plugin database path to: C:\ST\STM32CubeIDE_1.10.1\STM32CubeIDE\plugins\com.st.stm32cube.common.mx_6.9.2.202309101412\\db\/plugins/boardmanager/
2023-11-18 11:20:18,988 [WARN] ApiDb:259 - Overriding images path with different value:  => C:\ST\STM32CubeIDE_1.10.1\STM32CubeIDE\plugins\com.st.stm32cube.common.mx_6.9.2.202309101412\\db\/plugins/mcufinder/images/
2023-11-18 11:20:18,995 [INFO] ApiDb:250 - Set database path to: C:\Users\joaom\.stmcufinder\plugins\mcufinder//mcu/
2023-11-18 11:20:18,996 [INFO] DbMcusAds:125 - Set database path to: C:\Users\joaom\.stmcufinder\plugins\mcufinder//mcu/
2023-11-18 11:20:18,997 [INFO] CrossReferenceDbSqlite:203 - Set database path to: C:\Users\joaom\.stmcufinder\plugins\mcufinder//mcu/cs/
2023-11-18 11:20:19,068 [INFO] RulesReader:64 - Compatibility file has been processed (293 Rules)
2023-11-18 11:20:19,131 [INFO] DbMcusXml:78 - Set database path to: C:\ST\STM32CubeIDE_1.10.1\STM32CubeIDE\plugins\com.st.stm32cube.common.mx_6.9.2.202309101412\\db\/mcu/
2023-11-18 11:20:19,131 [INFO] ApiDb:274 - Set plugin database path to: C:\ST\STM32CubeIDE_1.10.1\STM32CubeIDE\plugins\com.st.stm32cube.common.mx_6.9.2.202309101412\\db\/plugins/boardmanager/
2023-11-18 11:20:19,132 [INFO] ApiDb:261 - Set plugin images path to: C:\ST\STM32CubeIDE_1.10.1\STM32CubeIDE\plugins\com.st.stm32cube.common.mx_6.9.2.202309101412\\db\/plugins/mcufinder/images/
2023-11-18 11:20:19,132 [WARN] DbFile:41 - Overriding database path with different value: C:\Users\joaom\.stmcufinder\plugins\mcufinder/ => C:\Users\joaom\.stmcufinder\plugins\mcufinder
2023-11-18 11:20:19,132 [INFO] ApiDb:250 - Set database path to: C:\Users\joaom\.stmcufinder\plugins\mcufinder//mcu/
2023-11-18 11:20:19,132 [WARN] DbFile:41 - Overriding database path with different value: C:\Users\joaom\.stmcufinder\plugins\mcufinder/ => C:\Users\joaom\.stmcufinder\plugins\mcufinder
2023-11-18 11:20:19,132 [INFO] DbMcusAds:125 - Set database path to: C:\Users\joaom\.stmcufinder\plugins\mcufinder//mcu/
2023-11-18 11:20:19,132 [WARN] DbFile:41 - Overriding database path with different value: C:\Users\joaom\.stmcufinder\plugins\mcufinder/ => C:\Users\joaom\.stmcufinder\plugins\mcufinder
2023-11-18 11:20:19,132 [WARN] DbFile:41 - Overriding database path with different value: C:\Users\joaom\.stmcufinder\plugins\mcufinder/ => C:\Users\joaom\.stmcufinder\plugins\mcufinder
2023-11-18 11:20:19,132 [INFO] CrossReferenceDbSqlite:203 - Set database path to: C:\Users\joaom\.stmcufinder\plugins\mcufinder//mcu/cs/
2023-11-18 11:20:19,186 [INFO] MainPanel:262 - HeapMemory: 268435456
2023-11-18 11:20:19,245 [INFO] DbMcusXml:78 - Set database path to: C:\ST\STM32CubeIDE_1.10.1\STM32CubeIDE\plugins\com.st.stm32cube.common.mx_6.9.2.202309101412\\db\/mcu/
2023-11-18 11:20:19,245 [INFO] ApiDb:274 - Set plugin database path to: C:\ST\STM32CubeIDE_1.10.1\STM32CubeIDE\plugins\com.st.stm32cube.common.mx_6.9.2.202309101412\\db\/plugins/boardmanager/
2023-11-18 11:20:19,245 [INFO] ApiDb:261 - Set plugin images path to: C:\ST\STM32CubeIDE_1.10.1\STM32CubeIDE\plugins\com.st.stm32cube.common.mx_6.9.2.202309101412\\db\/plugins/mcufinder/images/
2023-11-18 11:20:19,245 [WARN] DbFile:41 - Overriding database path with different value: C:\Users\joaom\.stmcufinder\plugins\mcufinder/ => C:\Users\joaom\.stmcufinder\plugins\mcufinder
2023-11-18 11:20:19,246 [INFO] ApiDb:250 - Set database path to: C:\Users\joaom\.stmcufinder\plugins\mcufinder//mcu/
2023-11-18 11:20:19,246 [WARN] DbFile:41 - Overriding database path with different value: C:\Users\joaom\.stmcufinder\plugins\mcufinder/ => C:\Users\joaom\.stmcufinder\plugins\mcufinder
2023-11-18 11:20:19,246 [INFO] DbMcusAds:125 - Set database path to: C:\Users\joaom\.stmcufinder\plugins\mcufinder//mcu/
2023-11-18 11:20:19,246 [WARN] DbFile:41 - Overriding database path with different value: C:\Users\joaom\.stmcufinder\plugins\mcufinder/ => C:\Users\joaom\.stmcufinder\plugins\mcufinder
2023-11-18 11:20:19,246 [WARN] DbFile:41 - Overriding database path with different value: C:\Users\joaom\.stmcufinder\plugins\mcufinder/ => C:\Users\joaom\.stmcufinder\plugins\mcufinder
2023-11-18 11:20:19,246 [INFO] CrossReferenceDbSqlite:203 - Set database path to: C:\Users\joaom\.stmcufinder\plugins\mcufinder//mcu/cs/
2023-11-18 11:20:19,259 [INFO] ApplicationProperties:184 - Using Application install path: C:\ST\STM32CubeIDE_1.10.1\STM32CubeIDE\plugins\com.st.stm32cube.common.mx_6.9.2.202309101412
2023-11-18 11:20:19,261 [INFO] PluginManage:196 - Search for loadable plugins [exclusion list=, ]
2023-11-18 11:20:19,261 [INFO] PluginManage:310 - Check plugin analytics
2023-11-18 11:20:19,380 [INFO] AnalyticsPlugin:253 - Accepted Software Licenses: STM32CubeMX.6.3.0,STM32CubeMX.6.9.2
2023-11-18 11:20:19,381 [INFO] AnalyticsPlugin:255 - Accepted CMSIS Pack Licenses: 
2023-11-18 11:20:19,381 [INFO] AnalyticsPlugin:257 - Accepted Firmware Licenses: FW.F4.1.27.0,FW.L4.1.18.0
2023-11-18 11:20:19,383 [INFO] PluginManage:359 - Loaded plugin analytics (category:tool,tabindex:-1)
2023-11-18 11:20:19,384 [INFO] PluginManage:310 - Check plugin cadmodel
2023-11-18 11:20:19,387 [INFO] CADModel:105 - Init CAD model plugin
2023-11-18 11:20:19,387 [INFO] PluginManage:359 - Loaded plugin cadmodel (category:power,tabindex:5)
2023-11-18 11:20:19,387 [INFO] PluginManage:310 - Check plugin clock
2023-11-18 11:20:19,394 [INFO] PluginManage:359 - Loaded plugin clock (category:base,tabindex:2)
2023-11-18 11:20:19,394 [INFO] PluginManage:310 - Check plugin ddr
2023-11-18 11:20:19,395 [INFO] PluginManage:359 - Loaded plugin ddr (category:tool,tabindex:6)
2023-11-18 11:20:19,395 [INFO] PluginManage:310 - Check plugin filemanager
2023-11-18 11:20:19,502 [INFO] PluginManage:359 - Loaded plugin filemanager (category:base,tabindex:10)
2023-11-18 11:20:19,503 [INFO] PluginManage:310 - Check plugin ipmanager
2023-11-18 11:20:19,508 [INFO] PluginManage:359 - Loaded plugin ipmanager (category:base,tabindex:5)
2023-11-18 11:20:19,508 [INFO] PluginManage:310 - Check plugin lpbam
2023-11-18 11:20:19,516 [INFO] PluginManage:359 - Loaded plugin lpbam (category:base,tabindex:0)
2023-11-18 11:20:19,516 [INFO] PluginManage:310 - Check plugin memorymap
2023-11-18 11:20:19,524 [INFO] PluginManage:359 - Loaded plugin memorymap (category:base,tabindex:4)
2023-11-18 11:20:19,524 [INFO] PluginManage:310 - Check plugin pinoutandconfiguration
2023-11-18 11:20:19,531 [INFO] PluginManage:359 - Loaded plugin pinoutandconfiguration (category:base,tabindex:1)
2023-11-18 11:20:19,531 [INFO] PluginManage:310 - Check plugin pinoutconfig
2023-11-18 11:20:19,606 [WARN] SupportedApi:132 - Cannot load RTOS API schema: s4s-elt-must-match.1: The content of 'definitions' must match (annotation?, (simpleType | complexType)?, (unique | key | keyref)*)). A problem was found starting at: attribute.
2023-11-18 11:20:19,704 [INFO] PluginManage:359 - Loaded plugin pinoutconfig (category:base,tabindex:0)
2023-11-18 11:20:19,705 [INFO] PluginManage:310 - Check plugin power
2023-11-18 11:20:19,710 [INFO] PluginManage:359 - Loaded plugin power (category:power,tabindex:4)
2023-11-18 11:20:19,710 [INFO] PluginManage:310 - Check plugin projectmanager
2023-11-18 11:20:19,719 [INFO] PluginManage:359 - Loaded plugin projectmanager (category:projectmanager,tabindex:3)
2023-11-18 11:20:19,719 [INFO] PluginManage:310 - Check plugin thirdparty
2023-11-18 11:20:19,806 [INFO] PluginManage:359 - Loaded plugin thirdparty (category:base,tabindex:-1)
2023-11-18 11:20:19,806 [INFO] PluginManage:310 - Check plugin tools
2023-11-18 11:20:19,806 [WARN] IntegrityCheckThread:84 - waiting for thirdparty lock release [integrity check]
2023-11-18 11:20:19,806 [INFO] IntegrityCheckThread:86 - entering critical section [integrity check]
2023-11-18 11:20:19,806 [INFO] ThirdPartyUpdaterWithRetryManager:70 - Updater plugin not ready yet. [1/15]
2023-11-18 11:20:19,808 [INFO] PluginManage:359 - Loaded plugin tools (category:base,tabindex:7)
2023-11-18 11:20:19,808 [INFO] PluginManage:310 - Check plugin tutovideos
2023-11-18 11:20:19,919 [INFO] PluginManage:359 - Loaded plugin tutovideos (category:base,tabindex:-1)
2023-11-18 11:20:19,919 [INFO] PluginManage:310 - Check plugin updater
2023-11-18 11:20:19,926 [INFO] PluginManage:359 - Loaded plugin updater (category:base,tabindex:12)
2023-11-18 11:20:19,926 [INFO] PluginManage:310 - Check plugin userauth
2023-11-18 11:20:19,930 [INFO] UserAuth:113 - Init User Auth plugin
2023-11-18 11:20:19,930 [INFO] PluginManage:359 - Loaded plugin userauth (category:base,tabindex:14)
2023-11-18 11:20:19,931 [INFO] PluginManage:283 - PluginManage : Loaded plugins [17]
2023-11-18 11:20:20,072 [INFO] PinOutPanel:1499 - setPackage(No Configuration,No Configuration)
2023-11-18 11:20:20,140 [INFO] CADModel:165 - CPN selected for project level
2023-11-18 11:20:20,140 [INFO] CADModel:114 - Register for checkConnection events
2023-11-18 11:20:20,152 [INFO] IPUIPlugin:80 - create IPUIPlugin
2023-11-18 11:20:20,152 [INFO] PluginManager:220 - loadIPPluginJar : add adc
2023-11-18 11:20:20,153 [INFO] IPUIPlugin:80 - create IPUIPlugin
2023-11-18 11:20:20,154 [INFO] PluginManager:220 - loadIPPluginJar : add aes
2023-11-18 11:20:20,155 [INFO] IPUIPlugin:80 - create IPUIPlugin
2023-11-18 11:20:20,155 [INFO] PluginManager:220 - loadIPPluginJar : add can
2023-11-18 11:20:20,156 [INFO] IPUIPlugin:80 - create IPUIPlugin
2023-11-18 11:20:20,156 [INFO] PluginManager:220 - loadIPPluginJar : add comp
2023-11-18 11:20:20,158 [INFO] IPUIPlugin:80 - create IPUIPlugin
2023-11-18 11:20:20,158 [INFO] PluginManager:220 - loadIPPluginJar : add cryp
2023-11-18 11:20:20,159 [INFO] IPUIPlugin:80 - create IPUIPlugin
2023-11-18 11:20:20,159 [INFO] PluginManager:220 - loadIPPluginJar : add dfsdm
2023-11-18 11:20:20,163 [INFO] IPUIPlugin:80 - create IPUIPlugin
2023-11-18 11:20:20,163 [INFO] PluginManager:220 - loadIPPluginJar : add dma
2023-11-18 11:20:20,165 [INFO] IPUIPlugin:80 - create IPUIPlugin
2023-11-18 11:20:20,165 [INFO] PluginManager:220 - loadIPPluginJar : add dma3
2023-11-18 11:20:20,165 [INFO] IPUIPlugin:80 - create IPUIPlugin
2023-11-18 11:20:20,166 [INFO] PluginManager:220 - loadIPPluginJar : add fatfs
2023-11-18 11:20:20,168 [INFO] IPUIPlugin:80 - create IPUIPlugin
2023-11-18 11:20:20,168 [INFO] PluginManager:220 - loadIPPluginJar : add fmc
2023-11-18 11:20:20,171 [INFO] IPUIPlugin:80 - create IPUIPlugin
2023-11-18 11:20:20,172 [INFO] PluginManager:220 - loadIPPluginJar : add freertos
2023-11-18 11:20:20,172 [INFO] IPUIPlugin:80 - create IPUIPlugin
2023-11-18 11:20:20,173 [INFO] PluginManager:220 - loadIPPluginJar : add genericplugin
2023-11-18 11:20:20,174 [INFO] IPUIPlugin:80 - create IPUIPlugin
2023-11-18 11:20:20,174 [INFO] PluginManager:220 - loadIPPluginJar : add gfxmmu
2023-11-18 11:20:20,177 [INFO] IPUIPlugin:80 - create IPUIPlugin
2023-11-18 11:20:20,177 [INFO] PluginManager:220 - loadIPPluginJar : add gic
2023-11-18 11:20:20,180 [INFO] IPUIPlugin:80 - create IPUIPlugin
2023-11-18 11:20:20,180 [INFO] PluginManager:220 - loadIPPluginJar : add gpio
2023-11-18 11:20:20,182 [INFO] IPUIPlugin:80 - create IPUIPlugin
2023-11-18 11:20:20,183 [INFO] PluginManager:220 - loadIPPluginJar : add gtzc
2023-11-18 11:20:20,184 [INFO] IPUIPlugin:80 - create IPUIPlugin
2023-11-18 11:20:20,184 [INFO] PluginManager:220 - loadIPPluginJar : add hash
2023-11-18 11:20:20,185 [INFO] IPUIPlugin:80 - create IPUIPlugin
2023-11-18 11:20:20,185 [INFO] PluginManager:220 - loadIPPluginJar : add i2c
2023-11-18 11:20:20,187 [INFO] IPUIPlugin:80 - create IPUIPlugin
2023-11-18 11:20:20,187 [INFO] PluginManager:220 - loadIPPluginJar : add i2s
2023-11-18 11:20:20,188 [INFO] IPUIPlugin:80 - create IPUIPlugin
2023-11-18 11:20:20,188 [INFO] PluginManager:220 - loadIPPluginJar : add i3c
2023-11-18 11:20:20,190 [INFO] IPUIPlugin:80 - create IPUIPlugin
2023-11-18 11:20:20,190 [INFO] PluginManager:220 - loadIPPluginJar : add ipddr
2023-11-18 11:20:20,195 [INFO] IPUIPlugin:80 - create IPUIPlugin
2023-11-18 11:20:20,195 [INFO] PluginManager:220 - loadIPPluginJar : add linkedlist
2023-11-18 11:20:20,197 [INFO] IPUIPlugin:80 - create IPUIPlugin
2023-11-18 11:20:20,197 [INFO] PluginManager:220 - loadIPPluginJar : add lorawan
2023-11-18 11:20:20,198 [INFO] IPUIPlugin:80 - create IPUIPlugin
2023-11-18 11:20:20,198 [INFO] PluginManager:220 - loadIPPluginJar : add ltdc
2023-11-18 11:20:20,202 [INFO] IPUIPlugin:80 - create IPUIPlugin
2023-11-18 11:20:20,202 [INFO] PluginManager:220 - loadIPPluginJar : add mdma
2023-11-18 11:20:20,204 [INFO] IPUIPlugin:80 - create IPUIPlugin
2023-11-18 11:20:20,204 [INFO] PluginManager:220 - loadIPPluginJar : add nvic
2023-11-18 11:20:20,205 [INFO] IPUIPlugin:80 - create IPUIPlugin
2023-11-18 11:20:20,206 [INFO] PluginManager:220 - loadIPPluginJar : add opamp
2023-11-18 11:20:20,207 [INFO] IPUIPlugin:80 - create IPUIPlugin
2023-11-18 11:20:20,207 [INFO] PluginManager:220 - loadIPPluginJar : add openamp
2023-11-18 11:20:20,210 [INFO] IPUIPlugin:80 - create IPUIPlugin
2023-11-18 11:20:20,210 [INFO] PluginManager:220 - loadIPPluginJar : add pdm2pcm
2023-11-18 11:20:20,214 [INFO] IPUIPlugin:80 - create IPUIPlugin
2023-11-18 11:20:20,215 [INFO] PluginManager:220 - loadIPPluginJar : add plateformsettings
2023-11-18 11:20:20,216 [INFO] IPUIPlugin:80 - create IPUIPlugin
2023-11-18 11:20:20,216 [INFO] PluginManager:220 - loadIPPluginJar : add quadspi
2023-11-18 11:20:20,218 [INFO] IPUIPlugin:80 - create IPUIPlugin
2023-11-18 11:20:20,218 [INFO] PluginManager:220 - loadIPPluginJar : add resmgrutility
2023-11-18 11:20:20,220 [INFO] IPUIPlugin:80 - create IPUIPlugin
2023-11-18 11:20:20,220 [INFO] PluginManager:220 - loadIPPluginJar : add sai
2023-11-18 11:20:20,221 [INFO] IPUIPlugin:80 - create IPUIPlugin
2023-11-18 11:20:20,221 [INFO] PluginManager:220 - loadIPPluginJar : add spi
2023-11-18 11:20:20,224 [INFO] IPUIPlugin:80 - create IPUIPlugin
2023-11-18 11:20:20,224 [INFO] PluginManager:220 - loadIPPluginJar : add stm32_wpan
2023-11-18 11:20:20,225 [INFO] IPUIPlugin:80 - create IPUIPlugin
2023-11-18 11:20:20,225 [INFO] PluginManager:220 - loadIPPluginJar : add tim
2023-11-18 11:20:20,227 [INFO] IPUIPlugin:80 - create IPUIPlugin
2023-11-18 11:20:20,227 [INFO] PluginManager:220 - loadIPPluginJar : add touchsensing
2023-11-18 11:20:20,228 [INFO] IPUIPlugin:80 - create IPUIPlugin
2023-11-18 11:20:20,228 [INFO] PluginManager:220 - loadIPPluginJar : add tracer_emb
2023-11-18 11:20:20,229 [INFO] IPUIPlugin:80 - create IPUIPlugin
2023-11-18 11:20:20,229 [INFO] PluginManager:220 - loadIPPluginJar : add ts
2023-11-18 11:20:20,230 [INFO] IPUIPlugin:80 - create IPUIPlugin
2023-11-18 11:20:20,230 [INFO] PluginManager:220 - loadIPPluginJar : add tsc
2023-11-18 11:20:20,231 [INFO] IPUIPlugin:80 - create IPUIPlugin
2023-11-18 11:20:20,231 [INFO] PluginManager:220 - loadIPPluginJar : add ucpd
2023-11-18 11:20:20,233 [INFO] IPUIPlugin:80 - create IPUIPlugin
2023-11-18 11:20:20,233 [INFO] PluginManager:220 - loadIPPluginJar : add usart
2023-11-18 11:20:20,234 [INFO] IPUIPlugin:80 - create IPUIPlugin
2023-11-18 11:20:20,235 [INFO] PluginManager:220 - loadIPPluginJar : add usbx
2023-11-18 11:20:20,341 [INFO] CADModel:165 - CPN selected for project level
2023-11-18 11:20:20,341 [INFO] CADModel:114 - Register for checkConnection events
2023-11-18 11:20:20,341 [FATAL] Updater:308 - Updater called before beeing initialized
2023-11-18 11:20:20,341 [ERROR] CADModel:125 - Updater not yet initialized, retry later 
2023-11-18 11:20:20,421 [INFO] CADModel:165 - CPN selected for project level
2023-11-18 11:20:20,421 [INFO] CADModel:114 - Register for checkConnection events
2023-11-18 11:20:20,421 [FATAL] Updater:308 - Updater called before beeing initialized
2023-11-18 11:20:20,421 [ERROR] CADModel:125 - Updater not yet initialized, retry later 
2023-11-18 11:20:20,423 [FATAL] Updater:308 - Updater called before beeing initialized
2023-11-18 11:20:20,492 [FATAL] Updater:308 - Updater called before beeing initialized
2023-11-18 11:20:20,496 [INFO] DbMcusAds:53 - JSON generation date=Tue Mar 07 05:50:55 BRT 2023 (1678179055335)
2023-11-18 11:20:20,496 [FATAL] Updater:308 - Updater called before beeing initialized
2023-11-18 11:20:20,520 [WARN] DetailPanel:346 - Failed to get advertising image, set to default
2023-11-18 11:20:20,582 [FATAL] Updater:308 - Updater called before beeing initialized
2023-11-18 11:20:20,584 [FATAL] Updater:308 - Updater called before beeing initialized
2023-11-18 11:20:20,584 [FATAL] Updater:308 - Updater called before beeing initialized
2023-11-18 11:20:20,584 [WARN] DetailPanel:346 - Failed to get advertising image, set to default
2023-11-18 11:20:20,585 [FATAL] Updater:308 - Updater called before beeing initialized
2023-11-18 11:20:20,614 [ERROR] Updater:1120 - MainUpdater not yet initialized. External WinMGr cannot be set.
2023-11-18 11:20:20,615 [INFO] Updater:1056 - Updater Version found : 6.9.2
2023-11-18 11:20:20,630 [INFO] ApplicationProperties:184 - Using Application install path: C:\ST\STM32CubeIDE_1.10.1\STM32CubeIDE\plugins\com.st.stm32cube.common.mx_6.9.2.202309101412
2023-11-18 11:20:20,761 [INFO] MainUpdater:2868 - connection check result : 10
2023-11-18 11:20:20,761 [INFO] MainUpdater:285 - Updater Check For Update Now.
2023-11-18 11:20:20,761 [INFO] MicroXplorer:498 - Change Database Version : DB.6.0.92
2023-11-18 11:20:20,766 [INFO] McuFinderGlobals:63 - Set McuFinder mode to 2 (CubeIDE integrated)
2023-11-18 11:20:20,766 [INFO] UserAuth:179 - activating auth plugin
2023-11-18 11:20:20,768 [INFO] UserAuth:393 - Internet connection configuration mode: 1
2023-11-18 11:20:20,779 [INFO] JxBrowserEngine:151 - Initiate JxBrowser Engine with user profile folder
2023-11-18 11:20:20,905 [INFO] CheckServerUpdateThread:120 - End of CheckServer Thread
2023-11-18 11:20:21,168 [INFO] WebApp:157 - Instantiating new browser for Auth
2023-11-18 11:20:21,520 [INFO] WebApp:753 - Register for checkConnection events
2023-11-18 11:20:21,520 [INFO] WebApp:390 - Apply proxy settings
2023-11-18 11:20:21,520 [INFO] WebApp:475 - Chromium requires no authentication
2023-11-18 11:20:21,525 [INFO] WebApp:418 - Direct internet connection detected
2023-11-18 11:20:21,617 [INFO] WebApp:188 - Starting web application
2023-11-18 11:20:21,617 [INFO] WebApp:520 - Web application path used C:\ST\STM32CubeIDE_1.10.1\STM32CubeIDE\plugins\com.st.stm32cube.common.mx_6.9.2.202309101412\db\plugins\mcufinder\reactClient1\index.html
2023-11-18 11:20:22,908 [WARN] PackLoader:240 - Cannot read IP mode file for STMicroelectronics.X-CUBE-GNSS1.6.0.0
2023-11-18 11:20:22,932 [WARN] PackLoader:240 - Cannot read IP mode file for STMicroelectronics.X-CUBE-AZRTOS-F4.1.1.0
2023-11-18 11:20:22,946 [WARN] PackLoader:240 - Cannot read IP mode file for STMicroelectronics.X-CUBE-SMBUS.2.1.0
2023-11-18 11:20:22,988 [WARN] PackLoader:240 - Cannot read IP mode file for STMicroelectronics.X-CUBE-MEMS1.9.2.0
2023-11-18 11:20:23,103 [WARN] PackLoader:240 - Cannot read IP mode file for STMicroelectronics.X-CUBE-BLEMGR.1.2.0
2023-11-18 11:20:23,114 [WARN] PackLoader:240 - Cannot read IP mode file for STMicroelectronics.X-CUBE-AZRTOS-F7.1.1.0
2023-11-18 11:20:23,119 [WARN] PackLoader:240 - Cannot read IP mode file for STMicroelectronics.X-CUBE-AI.7.1.0
2023-11-18 11:20:23,123 [WARN] PackLoader:240 - Cannot read IP mode file for STMicroelectronics.X-CUBE-TOUCHGFX.4.19.1
2023-11-18 11:20:23,126 [WARN] PackLoader:240 - Cannot read IP mode file for STMicroelectronics.X-CUBE-BLE1.6.2.3
2023-11-18 11:20:23,129 [WARN] PackLoader:240 - Cannot read IP mode file for STMicroelectronics.X-CUBE-BLE1.6.2.4
2023-11-18 11:20:23,134 [WARN] PackLoader:240 - Cannot read IP mode file for STMicroelectronics.X-CUBE-BLEMGR.2.0.0
2023-11-18 11:20:23,138 [WARN] PackLoader:240 - Cannot read IP mode file for STMicroelectronics.X-CUBE-BLE1.6.2.1
2023-11-18 11:20:23,141 [WARN] PackLoader:240 - Cannot read IP mode file for STMicroelectronics.X-CUBE-BLE1.6.2.2
2023-11-18 11:20:23,147 [WARN] PackLoader:240 - Cannot read IP mode file for STMicroelectronics.X-CUBE-NFC4.2.0.5
2023-11-18 11:20:23,150 [WARN] PackLoader:240 - Cannot read IP mode file for STMicroelectronics.X-CUBE-NFC4.2.0.4
2023-11-18 11:20:23,153 [WARN] PackLoader:240 - Cannot read IP mode file for STMicroelectronics.X-CUBE-BLE2.3.2.2
2023-11-18 11:20:23,157 [WARN] PackLoader:240 - Cannot read IP mode file for STMicroelectronics.X-CUBE-NFC4.2.0.3
2023-11-18 11:20:23,170 [WARN] ConditionMgr:438 - getConditionDescription Invalid condition id : UX DEVICE CLASS RTOS Condition cause : null
2023-11-18 11:20:23,171 [WARN] ConditionMgr:438 - getConditionDescription Invalid condition id : UX DEVICE CLASS RTOS Condition cause : null
2023-11-18 11:20:23,173 [WARN] PackLoader:240 - Cannot read IP mode file for STMicroelectronics.X-CUBE-AZRTOS-H7.3.1.0
2023-11-18 11:20:23,173 [WARN] ConditionMgr:1039 - genDependencies : Invalid condition id : UX DEVICE CLASS RTOS Condition cause : null
2023-11-18 11:20:23,174 [WARN] ConditionMgr:1039 - genDependencies : Invalid condition id : UX DEVICE CLASS RTOS Condition cause : null
2023-11-18 11:20:23,174 [WARN] ConditionMgr:1039 - genDependencies : Invalid condition id : UX DEVICE CLASS RTOS Condition cause : null
2023-11-18 11:20:23,174 [WARN] ConditionMgr:1039 - genDependencies : Invalid condition id : UX DEVICE CLASS RTOS Condition cause : null
2023-11-18 11:20:23,174 [WARN] ConditionMgr:1039 - genDependencies : Invalid condition id : UX DEVICE CLASS RTOS Condition cause : null
2023-11-18 11:20:23,177 [WARN] PackLoader:240 - Cannot read IP mode file for STMicroelectronics.X-CUBE-TOUCHGFX.4.19.0
2023-11-18 11:20:23,182 [WARN] PackLoader:240 - Cannot read IP mode file for STMicroelectronics.X-CUBE-TOF1.3.1.0
2023-11-18 11:20:23,189 [WARN] PackLoader:240 - Cannot read IP mode file for STMicroelectronics.X-CUBE-SFXS2LP1.3.1.0
2023-11-18 11:20:23,194 [WARN] PackLoader:240 - Cannot read IP mode file for STMicroelectronics.X-CUBE-DISPLAY.3.0.0
2023-11-18 11:20:23,205 [WARN] PackLoader:240 - Cannot read IP mode file for STMicroelectronics.X-CUBE-AZRTOS-F4.1.0.0
2023-11-18 11:20:23,209 [WARN] PackLoader:240 - Cannot read IP mode file for STMicroelectronics.X-CUBE-TOF1.2.0.0
2023-11-18 11:20:23,213 [WARN] PackLoader:240 - Cannot read IP mode file for STMicroelectronics.X-CUBE-NFC7.1.0.0
2023-11-18 11:20:23,219 [WARN] PackLoader:240 - Cannot read IP mode file for STMicroelectronics.X-CUBE-SUBG2.4.2.0
2023-11-18 11:20:23,239 [WARN] PackLoader:240 - Cannot read IP mode file for STMicroelectronics.X-CUBE-MEMS1.9.3.0
2023-11-18 11:20:23,294 [WARN] PackLoader:240 - Cannot read IP mode file for STMicroelectronics.X-CUBE-EEPRMA1.4.1.0
2023-11-18 11:20:23,299 [WARN] PackLoader:240 - Cannot read IP mode file for STMicroelectronics.X-CUBE-AI.7.2.0
2023-11-18 11:20:23,303 [WARN] PackLoader:240 - Cannot read IP mode file for STMicroelectronics.X-CUBE-ALGOBUILD.1.2.1
2023-11-18 11:20:23,311 [WARN] PackLoader:240 - Cannot read IP mode file for STMicroelectronics.X-CUBE-AZRTOS-G0.1.0.0
2023-11-18 11:20:23,317 [WARN] PackLoader:240 - Cannot read IP mode file for WES.I-CUBE-Cesium.1.3.0
2023-11-18 11:20:23,321 [WARN] PackLoader:240 - Cannot read IP mode file for STMicroelectronics.X-CUBE-SFXS2LP1.4.0.0
2023-11-18 11:20:23,323 [WARN] PackLoader:240 - Cannot read IP mode file for STMicroelectronics.X-CUBE-BLE2.3.3.0
2023-11-18 11:20:23,326 [WARN] PackLoader:240 - Cannot read IP mode file for STMicroelectronics.X-CUBE-DISPLAY.2.2.0
2023-11-18 11:20:23,332 [WARN] PackLoader:240 - Cannot read IP mode file for STMicroelectronics.X-CUBE-TOF1.3.2.0
2023-11-18 11:20:23,337 [WARN] PackLoader:240 - Cannot read IP mode file for STMicroelectronics.X-CUBE-TOUCHGFX.4.18.1
2023-11-18 11:20:23,338 [WARN] PackLoader:240 - Cannot read IP mode file for STMicroelectronics.X-CUBE-TOUCHGFX.4.18.0
2023-11-18 11:20:23,340 [WARN] PackLoader:240 - Cannot read IP mode file for STMicroelectronics.X-CUBE-ISPU.1.0.0
2023-11-18 11:20:23,343 [WARN] PackLoader:240 - Cannot read IP mode file for wolfSSL.I-CUBE-wolfSSL.5.0.0
2023-11-18 11:20:23,345 [WARN] PackLoader:240 - Cannot read IP mode file for STMicroelectronics.X-CUBE-ISPU.1.1.0
2023-11-18 11:20:23,349 [WARN] PackLoader:240 - Cannot read IP mode file for RoweBots.I-CUBE-UNISONRTOS.5.5.0-4
2023-11-18 11:20:23,358 [WARN] PackLoader:240 - Cannot read IP mode file for STMicroelectronics.X-CUBE-AZRTOS-H7.2.1.0
2023-11-18 11:20:23,362 [WARN] PackLoader:240 - Cannot read IP mode file for STMicroelectronics.X-CUBE-AI.8.0.0
2023-11-18 11:20:23,365 [WARN] PackLoader:240 - Cannot read IP mode file for STMicroelectronics.X-CUBE-FREERTOS.1.0.1
2023-11-18 11:20:23,367 [WARN] PackLoader:240 - Cannot read IP mode file for STMicroelectronics.X-CUBE-TOUCHGFX.4.21.3
2023-11-18 11:20:23,370 [WARN] PackLoader:240 - Cannot read IP mode file for STMicroelectronics.X-CUBE-BLEMGR.1.0.0
2023-11-18 11:20:23,373 [WARN] PackLoader:240 - Cannot read IP mode file for STMicroelectronics.X-CUBE-AI.7.3.0
2023-11-18 11:20:23,376 [WARN] PackLoader:240 - Cannot read IP mode file for STMicroelectronics.X-CUBE-ALGOBUILD.1.3.0
2023-11-18 11:20:23,383 [WARN] PackLoader:240 - Cannot read IP mode file for STMicroelectronics.X-CUBE-AZRTOS-L5.1.1.0
2023-11-18 11:20:23,391 [WARN] PackLoader:240 - Cannot read IP mode file for STMicroelectronics.X-CUBE-AZRTOS-G0.1.1.0
2023-11-18 11:20:23,397 [WARN] PackLoader:240 - Cannot read IP mode file for STMicroelectronics.X-CUBE-SUBG2.5.0.0
2023-11-18 11:20:23,402 [WARN] PackLoader:240 - Cannot read IP mode file for STMicroelectronics.X-CUBE-NFC4.3.0.0
2023-11-18 11:20:23,421 [WARN] PackLoader:240 - Cannot read IP mode file for SEGGER.I-CUBE-embOS.1.2.0
2023-11-18 11:20:23,438 [WARN] PackLoader:240 - Cannot read IP mode file for STMicroelectronics.X-CUBE-DISPLAY.2.1.0
2023-11-18 11:20:23,446 [WARN] PackLoader:240 - Cannot read IP mode file for STMicroelectronics.X-CUBE-TOF1.3.3.0
2023-11-18 11:20:23,453 [WARN] PackLoader:240 - Cannot read IP mode file for STMicroelectronics.FP-ATR-ASTRA1.1.1.1
2023-11-18 11:20:23,455 [WARN] PackLoader:240 - Cannot read IP mode file for STMicroelectronics.FP-ATR-ASTRA1.1.1.0
2023-11-18 11:20:23,464 [WARN] PackLoader:240 - Cannot read IP mode file for STMicroelectronics.X-CUBE-AZRTOS-H7.2.0.0
2023-11-18 11:20:23,472 [WARN] PackLoader:240 - Cannot read IP mode file for STMicroelectronics.X-CUBE-AZRTOS-G4.1.0.0
2023-11-18 11:20:23,475 [WARN] PackLoader:240 - Cannot read IP mode file for STMicroelectronics.FP-ATR-SIGFOX1.3.2.0
2023-11-18 11:20:23,483 [WARN] PackLoader:240 - Cannot read IP mode file for STMicroelectronics.X-CUBE-AZRTOS-L4.1.0.0
2023-11-18 11:20:23,489 [WARN] PackLoader:240 - Cannot read IP mode file for emotas.I-CUBE-CANOPEN.1.1.2
2023-11-18 11:20:23,491 [WARN] PackLoader:240 - Cannot read IP mode file for STMicroelectronics.X-CUBE-TOUCHGFX.4.20.0
2023-11-18 11:20:23,498 [WARN] PackLoader:240 - Cannot read IP mode file for STMicroelectronics.X-CUBE-AZRTOS-F7.1.0.0
2023-11-18 11:20:23,505 [WARN] PackLoader:240 - Cannot read IP mode file for STMicroelectronics.X-CUBE-AZRTOS-WL.1.0.0
2023-11-18 11:20:23,522 [WARN] PackLoader:240 - Cannot read IP mode file for STMicroelectronics.X-CUBE-MEMS1.9.1.0
2023-11-18 11:20:23,582 [WARN] PackLoader:240 - Cannot read IP mode file for portGmbH.I-Cube-SoM-uGOAL.1.1.0
2023-11-18 11:20:23,584 [WARN] PackLoader:240 - Cannot read IP mode file for STMicroelectronics.X-CUBE-ALS.1.0.1
2023-11-18 11:20:23,604 [WARN] PackLoader:240 - Cannot read IP mode file for STMicroelectronics.X-CUBE-MEMS1.9.5.0
2023-11-18 11:20:23,662 [WARN] PackLoader:240 - Cannot read IP mode file for STMicroelectronics.X-CUBE-AI.7.0.0
2023-11-18 11:20:23,669 [WARN] PackLoader:240 - Cannot read IP mode file for STMicroelectronics.X-CUBE-AZRTOS-WB.1.1.0
2023-11-18 11:20:23,686 [WARN] PackLoader:240 - Cannot read IP mode file for SEGGER.I-CUBE-embOS.1.3.1
2023-11-18 11:20:23,710 [WARN] PackLoader:240 - Cannot read IP mode file for STMicroelectronics.X-CUBE-AZRTOS-L5.1.0.0
2023-11-18 11:20:23,713 [WARN] PackLoader:240 - Cannot read IP mode file for STMicroelectronics.X-CUBE-EEPRMA1.3.1.0
2023-11-18 11:20:23,716 [WARN] PackLoader:240 - Cannot read IP mode file for STMicroelectronics.X-CUBE-EEPRMA1.3.1.1
2023-11-18 11:20:23,719 [WARN] PackLoader:240 - Cannot read IP mode file for STMicroelectronics.X-CUBE-GNSS1.5.2.0
2023-11-18 11:20:23,722 [WARN] PackLoader:240 - Cannot read IP mode file for STMicroelectronics.FP-ATR-ASTRA1.2.0.0
2023-11-18 11:20:23,724 [WARN] PackLoader:240 - Cannot read IP mode file for STMicroelectronics.X-CUBE-DISPLAY.2.0.0
2023-11-18 11:20:23,727 [WARN] PackLoader:240 - Cannot read IP mode file for STMicroelectronics.X-CUBE-DISPLAY.2.0.1
2023-11-18 11:20:23,730 [WARN] PackLoader:240 - Cannot read IP mode file for STMicroelectronics.X-CUBE-TOF1.3.0.0
2023-11-18 11:20:23,731 [INFO] ThirdParty:978 - Integrity check success = true
2023-11-18 11:20:23,731 [INFO] IntegrityCheckThread:100 - exiting critical section [integrity check]
2023-11-18 11:20:23,732 [INFO] IntegrityCheckThread:103 - End integrity checks thread
2023-11-18 11:20:42,047 [ERROR] LogOutputStream:75 - [STDERR_REDIRECT] SLF4J: Failed to load class "org.slf4j.impl.StaticLoggerBinder".
2023-11-18 11:20:42,048 [ERROR] LogOutputStream:75 - [STDERR_REDIRECT] SLF4J: Defaulting to no-operation (NOP) logger implementation
2023-11-18 11:20:42,049 [ERROR] LogOutputStream:75 - [STDERR_REDIRECT] SLF4J: See http://www.slf4j.org/codes.html#StaticLoggerBinder for further details.
2023-11-18 11:21:59,800 [INFO] McuFinderGlobals:63 - Set McuFinder mode to 2 (CubeIDE integrated)
2023-11-18 11:22:06,112 [INFO] MainUpdater:2868 - connection check result : 10
2023-11-18 11:22:06,113 [INFO] MainUpdater:2868 - connection check result : 10
2023-11-18 11:22:06,139 [INFO] MicroXplorer:468 - Change Database Path : 
2023-11-18 11:22:06,139 [INFO] MicroXplorer:498 - Change Database Version : DB.6.0.92
2023-11-18 11:22:06,142 [WARN] ThirdParty:871 - waiting for thirdparty lock release [close project]
2023-11-18 11:22:06,142 [INFO] ThirdParty:873 - entering critical section [close project]
2023-11-18 11:22:06,143 [INFO] ThirdParty:883 - exiting critical section [close project]
2023-11-18 11:22:06,145 [INFO] PinOutPanel:1499 - setPackage(No Configuration,No Configuration)
2023-11-18 11:22:06,149 [INFO] UtilMem:75 - Begin LoadConfig() Used Memory: 539281864 Bytes (948961280)
2023-11-18 11:22:06,151 [INFO] MicroXplorer:468 - Change Database Path : 
2023-11-18 11:22:06,151 [INFO] MicroXplorer:498 - Change Database Version : DB.6.0.92
2023-11-18 11:22:06,151 [INFO] OpenFileManager:308 - Change cursor
2023-11-18 11:22:06,184 [INFO] Mcu:1946 - Initializing MCU STM32L496ZGTxP STM32L496ZGTxP STM32L496ZGT6P
2023-11-18 11:22:07,807 [INFO] Context:659 - Trying to add GPIOservice into a context  which must be forbidden
2023-11-18 11:22:08,497 [INFO] RtosManager:555 - Registered RTOS mode: class=CMSIS, group=RTOS, mode=CMSIS_V1, owner=FREERTOS
2023-11-18 11:22:08,497 [INFO] RtosManager:555 - Registered RTOS mode: class=CMSIS, group=RTOS2, mode=CMSIS_V2, owner=FREERTOS
2023-11-18 11:22:08,497 [INFO] RtosManager:555 - Registered RTOS mode: class=RTOS, group=Core, mode=CMSIS_V1, owner=FREERTOS
2023-11-18 11:22:08,498 [INFO] RtosManager:555 - Registered RTOS mode: class=RTOS, group=Core, mode=CMSIS_V2, owner=FREERTOS
2023-11-18 11:22:08,498 [WARN] ModelIntegratedComponent:184 - Missing modes for component STMicroelectronics:FreeRTOS:0.0.1:STMicroelectronics:RTOS:FreeRTOS:Core:::10.2.0:
2023-11-18 11:22:08,504 [WARN] ModelIntegratedComponent:63 - No mode defined for component null
2023-11-18 11:22:08,504 [WARN] ModelIntegratedComponent:63 - No mode defined for component null
2023-11-18 11:22:08,504 [WARN] ModelIntegratedComponent:63 - No mode defined for component null
2023-11-18 11:22:08,504 [WARN] ModelIntegratedComponent:63 - No mode defined for component null
2023-11-18 11:22:08,504 [WARN] ModelIntegratedComponent:63 - No mode defined for component null
2023-11-18 11:22:08,504 [WARN] ModelIntegratedComponent:63 - No mode defined for component null
2023-11-18 11:22:08,504 [WARN] ModelIntegratedComponent:63 - No mode defined for component null
2023-11-18 11:22:08,504 [WARN] ModelIntegratedComponent:63 - No mode defined for component null
2023-11-18 11:22:08,504 [WARN] ModelIntegratedComponent:63 - No mode defined for component null
2023-11-18 11:22:08,504 [WARN] ModelIntegratedComponent:63 - No mode defined for component null
2023-11-18 11:22:08,504 [WARN] ModelIntegratedComponent:63 - No mode defined for component null
2023-11-18 11:22:08,504 [WARN] ModelIntegratedComponent:63 - No mode defined for component null
2023-11-18 11:22:08,504 [WARN] ModelIntegratedComponent:63 - No mode defined for component null
2023-11-18 11:22:08,504 [WARN] ModelIntegratedComponent:63 - No mode defined for component null
2023-11-18 11:22:08,504 [WARN] ModelIntegratedComponent:63 - No mode defined for component null
2023-11-18 11:22:08,504 [WARN] ModelIntegratedComponent:63 - No mode defined for component null
2023-11-18 11:22:08,504 [WARN] ModelIntegratedComponent:63 - No mode defined for component null
2023-11-18 11:22:08,504 [WARN] ModelIntegratedComponent:63 - No mode defined for component null
2023-11-18 11:22:08,504 [WARN] ModelIntegratedComponent:63 - No mode defined for component null
2023-11-18 11:22:08,504 [WARN] ModelIntegratedComponent:63 - No mode defined for component null
2023-11-18 11:22:08,504 [WARN] ModelIntegratedComponent:63 - No mode defined for component null
2023-11-18 11:22:08,504 [WARN] ModelIntegratedComponent:63 - No mode defined for component null
2023-11-18 11:22:08,504 [WARN] ModelIntegratedComponent:63 - No mode defined for component null
2023-11-18 11:22:08,504 [WARN] ModelIntegratedComponent:63 - No mode defined for component null
2023-11-18 11:22:08,504 [WARN] ModelIntegratedComponent:63 - No mode defined for component null
2023-11-18 11:22:08,504 [WARN] ModelIntegratedComponent:63 - No mode defined for component null
2023-11-18 11:22:08,504 [WARN] ModelIntegratedComponent:63 - No mode defined for component null
2023-11-18 11:22:08,504 [WARN] ModelIntegratedComponent:63 - No mode defined for component null
2023-11-18 11:22:08,505 [WARN] ModelIntegratedComponent:63 - No mode defined for component null
2023-11-18 11:22:08,505 [WARN] ModelIntegratedComponent:63 - No mode defined for component null
2023-11-18 11:22:08,505 [WARN] ModelIntegratedComponent:63 - No mode defined for component null
2023-11-18 11:22:08,505 [WARN] ModelIntegratedComponent:63 - No mode defined for component null
2023-11-18 11:22:08,505 [WARN] ModelIntegratedComponent:63 - No mode defined for component null
2023-11-18 11:22:08,657 [INFO] ThirdPartyModel:298 - Start build external matchings
2023-11-18 11:22:09,564 [INFO] ThirdPartyModel:316 - End build external matchings
2023-11-18 11:22:09,589 [INFO] RtosManager:919 - Current active RTOS is FREERTOS [Cortex-M4NS]
2023-11-18 11:22:09,597 [INFO] ImportTextPane:194 - (OptionalMessage_ERROR) IP (RCC) : Invalid parameter (48MHZClocksFreq_Value)
2023-11-18 11:22:09,597 [INFO] ImportTextPane:194 - (OptionalMessage_ERROR) IP (RCC) : Invalid parameter (ADC12outputFreq_Value)
2023-11-18 11:22:09,597 [INFO] ImportTextPane:194 - (OptionalMessage_ERROR) IP (RCC) : Invalid parameter (ADC34outputFreq_Value)
2023-11-18 11:22:09,597 [INFO] ImportTextPane:194 - (OptionalMessage_ERROR) IP (RCC) : Invalid parameter (DFSDM2Freq_Value)
2023-11-18 11:22:09,597 [INFO] ImportTextPane:194 - (OptionalMessage_ERROR) IP (RCC) : Invalid parameter (DFSDMAudioFreq_Value)
2023-11-18 11:22:09,597 [INFO] ImportTextPane:194 - (OptionalMessage_ERROR) IP (RCC) : Invalid parameter (EthernetFreq_Value)
2023-11-18 11:22:09,597 [INFO] ImportTextPane:194 - (OptionalMessage_ERROR) IP (RCC) : Invalid parameter (FMPI2C1Freq_Value)
2023-11-18 11:22:09,597 [INFO] ImportTextPane:194 - (OptionalMessage_ERROR) IP (RCC) : Invalid parameter (FamilyName)
2023-11-18 11:22:09,597 [INFO] ImportTextPane:194 - (OptionalMessage_ERROR) IP (RCC) : Invalid parameter (I2S1Freq_Value)
2023-11-18 11:22:09,597 [INFO] ImportTextPane:194 - (OptionalMessage_ERROR) IP (RCC) : Invalid parameter (I2S2Freq_Value)
2023-11-18 11:22:09,597 [INFO] ImportTextPane:194 - (OptionalMessage_ERROR) IP (RCC) : Invalid parameter (I2SClocksFreq_Value)
2023-11-18 11:22:09,598 [INFO] ImportTextPane:194 - (OptionalMessage_ERROR) IP (RCC) : Invalid parameter (LPTimerFreq_Value)
2023-11-18 11:22:09,598 [INFO] ImportTextPane:194 - (OptionalMessage_ERROR) IP (RCC) : Invalid parameter (MCO2PinFreq_Value)
2023-11-18 11:22:09,598 [INFO] ImportTextPane:194 - (OptionalMessage_ERROR) IP (RCC) : Invalid parameter (MCOFreq_Value)
2023-11-18 11:22:09,598 [INFO] ImportTextPane:194 - (OptionalMessage_ERROR) IP (RCC) : Invalid parameter (PLLCLKFreq_Value)
2023-11-18 11:22:09,598 [INFO] ImportTextPane:194 - (OptionalMessage_ERROR) IP (RCC) : Invalid parameter (PLLI2SPCLKFreq_Value)
2023-11-18 11:22:09,598 [INFO] ImportTextPane:194 - (OptionalMessage_ERROR) IP (RCC) : Invalid parameter (PLLI2SQCLKFreq_Value)
2023-11-18 11:22:09,598 [INFO] ImportTextPane:194 - (OptionalMessage_ERROR) IP (RCC) : Invalid parameter (PLLI2SQoutputFreq_Value)
2023-11-18 11:22:09,598 [INFO] ImportTextPane:194 - (OptionalMessage_ERROR) IP (RCC) : Invalid parameter (PLLI2SRCLKFreq_Value)
2023-11-18 11:22:09,598 [INFO] ImportTextPane:194 - (OptionalMessage_ERROR) IP (RCC) : Invalid parameter (PLLI2SoutputFreq_Value)
2023-11-18 11:22:09,598 [INFO] ImportTextPane:194 - (OptionalMessage_ERROR) IP (RCC) : Invalid parameter (PLLMCOFreq_Value)
2023-11-18 11:22:09,598 [INFO] ImportTextPane:194 - (OptionalMessage_ERROR) IP (RCC) : Invalid parameter (PLLMUL)
2023-11-18 11:22:09,598 [INFO] ImportTextPane:194 - (OptionalMessage_ERROR) IP (RCC) : Invalid parameter (PLLQCLKFreq_Value)
2023-11-18 11:22:09,598 [INFO] ImportTextPane:194 - (OptionalMessage_ERROR) IP (RCC) : Invalid parameter (PLLRoutputFreq_Value)
2023-11-18 11:22:09,599 [INFO] ImportTextPane:194 - (OptionalMessage_ERROR) IP (RCC) : Invalid parameter (PRESCALERUSB)
2023-11-18 11:22:09,599 [INFO] ImportTextPane:194 - (OptionalMessage_ERROR) IP (RCC) : Invalid parameter (RTCHSEDivFreq_Value)
2023-11-18 11:22:09,599 [INFO] ImportTextPane:194 - (OptionalMessage_ERROR) IP (RCC) : Invalid parameter (SAI1AFreq_Value)
2023-11-18 11:22:09,599 [INFO] ImportTextPane:194 - (OptionalMessage_ERROR) IP (RCC) : Invalid parameter (SAI1BFreq_Value)
2023-11-18 11:22:09,599 [INFO] ImportTextPane:194 - (OptionalMessage_ERROR) IP (RCC) : Invalid parameter (SDIOFreq_Value)
2023-11-18 11:22:09,599 [INFO] ImportTextPane:194 - (OptionalMessage_ERROR) IP (RCC) : Invalid parameter (SYSCLKSourceVirtual)
2023-11-18 11:22:09,599 [INFO] ImportTextPane:194 - (OptionalMessage_ERROR) IP (RCC) : Invalid parameter (TIM15Freq_Value)
2023-11-18 11:22:09,599 [INFO] ImportTextPane:194 - (OptionalMessage_ERROR) IP (RCC) : Invalid parameter (TIM16Freq_Value)
2023-11-18 11:22:09,599 [INFO] ImportTextPane:194 - (OptionalMessage_ERROR) IP (RCC) : Invalid parameter (TIM17Freq_Value)
2023-11-18 11:22:09,599 [INFO] ImportTextPane:194 - (OptionalMessage_ERROR) IP (RCC) : Invalid parameter (TIM1Freq_Value)
2023-11-18 11:22:09,599 [INFO] ImportTextPane:194 - (OptionalMessage_ERROR) IP (RCC) : Invalid parameter (TIM20Freq_Value)
2023-11-18 11:22:09,599 [INFO] ImportTextPane:194 - (OptionalMessage_ERROR) IP (RCC) : Invalid parameter (TIM2Freq_Value)
2023-11-18 11:22:09,599 [INFO] ImportTextPane:194 - (OptionalMessage_ERROR) IP (RCC) : Invalid parameter (TIM3Freq_Value)
2023-11-18 11:22:09,599 [INFO] ImportTextPane:194 - (OptionalMessage_ERROR) IP (RCC) : Invalid parameter (TIM8Freq_Value)
2023-11-18 11:22:09,600 [INFO] ImportTextPane:194 - (OptionalMessage_ERROR) IP (RCC) : Invalid parameter (VCOI2SInputFreq_Value)
2023-11-18 11:22:09,600 [INFO] ImportTextPane:194 - (OptionalMessage_ERROR) IP (RCC) : Invalid parameter (VCOI2SOutputFreq_Value)
2023-11-18 11:22:09,600 [INFO] ImportTextPane:194 - (OptionalMessage_ERROR) IP (RCC) : Invalid parameter (VCOInputMFreq_Value)
2023-11-18 11:22:09,600 [INFO] ImportTextPane:194 - (OptionalMessage_ERROR) IP (RCC) : Invalid parameter (VCOOutput2Freq_Value)
2023-11-18 11:22:09,600 [INFO] ImportTextPane:194 - (OptionalMessage_ERROR) IP (RCC) : Invalid parameter (VcooutputI2S)
2023-11-18 11:22:09,967 [INFO] UtilMem:75 - End LoadConfig() Used Memory: 701707296 Bytes (1073741824)
2023-11-18 11:22:10,048 [INFO] ApiDb:581 - Connected to CubeFinder SQLite database (C:\Users\joaom\.stmcufinder\plugins\mcufinder\mcu\cube-finder-db.db)
2023-11-18 11:22:10,088 [INFO] ApiDb:668 - CubeFinder database Data Model version=2.1
2023-11-18 11:22:10,088 [INFO] ApiDb:669 - CubeFinder database Configuration version=3.0.37
2023-11-18 11:22:10,088 [INFO] ApiDb:670 - CubeFinder database generation date=2023-10-13 (1697197505)
2023-11-18 11:22:10,089 [INFO] ApiDb:671 - CubeFinder database FW Pack versions=[FP-ATR-ASTRA1_V2.0.0, FP-SNS-FLIGHT1_V5.0.1, FP-SNS-FLIGHT1_V5.0.2, FP-SNS-MOTENV1_V4.3.1, FP-SNS-MOTENV1_V4.3.2, FP-SNS-SMARTAG2_V1.2.0, I-CUBE-ITTIADB_V8.6.3-1, STM32Cube_FW_C0_V1.1.0, STM32Cube_FW_F4_V1.27.1, STM32Cube_FW_F7_V1.17.0, STM32Cube_FW_G0_V1.6.1, STM32Cube_FW_G4_V1.5.1, STM32Cube_FW_H5_V0.5.1, STM32Cube_FW_H5_V1.1.1, STM32Cube_FW_H7_V1.11.0, STM32Cube_FW_L0_V1.12.2, STM32Cube_FW_L5_V1.5.0, STM32Cube_FW_U5_V1.3.0, STM32Cube_FW_U5_V1.3.0RC4, STM32Cube_FW_WBA_V1.0.0RC1, STM32Cube_FW_WBA_V1.1.0RC1, STM32Cube_FW_WBA_V1.1.1, STM32Cube_FW_WB_V1.15.0RC1, STM32Cube_FW_WB_V1.16.0, STM32Cube_FW_WB_V1.16.0RC2, STM32Cube_FW_WB_V1.17.3, STM32Cube_FW_WL_V1.3.0, X-CUBE-ALGOBUILD_V1.3.0, X-CUBE-ALS_V1.0.1, X-CUBE-AZRTOS-F4_V1.1.0, X-CUBE-AZRTOS-F7_V1.1.0, X-CUBE-AZRTOS-G0_V1.1.0, X-CUBE-AZRTOS-G4_V2.0.0, X-CUBE-AZRTOS-H7_V3.1.0, X-CUBE-AZRTOS-L4_V1.0.0, X-CUBE-AZRTOS-L4_V2.0.0, X-CUBE-AZRTOS-L5_V1.1.0, X-CUBE-AZRTOS-WB_V2.0.0, X-CUBE-AZRTOS-WL_V2.0.0, X-CUBE-BLE1_V7.0.0, X-CUBE-BLE2_V3.3.0, X-CUBE-BLEMGR_V2.0.0, X-CUBE-EEPRMA1_V4.1.0, X-CUBE-FREERTOS_V1.1.0, X-CUBE-GNSS1_V6.0.0, X-CUBE-MEMS1_V10.0.0, X-CUBE-MEMS1_V9.1.0, X-CUBE-MEMS1_V9.4.0, X-CUBE-MEMS1_V9.6.0, X-CUBE-NFC4_V3.0.0, X-CUBE-NFC7_V1.0.1, X-CUBE-SFXS2LP1_V4.0.0, X-CUBE-SUBG2_V5.0.0, X-CUBE-TOF1_V3.3.1]
2023-11-18 11:22:11,160 [INFO] ApiDb:240 - Found 323 in-development CPN: [B-G473E-ZEST1S, B-WB1M-WPAN1, B-WL5M-SUBG1, NUCLEO-C031C6, NUCLEO-H503RB, NUCLEO-H563ZI, NUCLEO-U545RE-Q, NUCLEO-U5A5ZJ-Q, NUCLEO-WBA52CG, STEVAL-PROTEUS1, STEVAL-SMARTAG2, STEVAL-STWINBX1, STM320518-EVAL, STM32C0116-DK, STM32C011D6Y3TR, STM32C011D6Y6TR, STM32C011F4P3, STM32C011F4P6, STM32C011F4U3, STM32C011F4U6TR, STM32C011F6P3, STM32C011F6P6, STM32C011F6U3, STM32C011F6U6TR, STM32C011J4M3, STM32C011J4M6, STM32C011J6M3, STM32C011J6M6, STM32C0316-DK, STM32C031C4T3, STM32C031C4T6, STM32C031C4U3, STM32C031C4U6, STM32C031C6T3, STM32C031C6T6, STM32C031C6U3, STM32C031C6U6, STM32C031F4P3, STM32C031F4P6, STM32C031F6P3, STM32C031F6P6, STM32C031G4U3, STM32C031G4U6, STM32C031G6U3, STM32C031G6U6, STM32C031K4T3, STM32C031K4T6, STM32C031K4U3, STM32C031K4U6, STM32C031K6T3, STM32C031K6T6, STM32C031K6U3, STM32C031K6U6, STM32G071K8TXN, STM32G071K8UXN, STM32G081GBU6N, STM32G081KBT6N, STM32G081KBUXN, STM32G0B1CCT6N, STM32G0B1KCT6, STM32G0B1NEY6TR, STM32G0B1RCT6N, STM32G0C1CCT6, STM32G0C1CCT6N, STM32G0C1CCU6N, STM32G0C1CET6N, STM32G0C1CEU6N, STM32G0C1KCT6, STM32G0C1NEY6TR, STM32G0C1RCI6N, STM32G0C1RCT6N, STM32G0C1REI6N, STM32G0C1RET6N, STM32G0C1VCI6, STM32G0C1VEI6, STM32G471CCT6, STM32G471CCU6, STM32G471CET3, STM32G471CET6, STM32G471CEU3, STM32G471CEU6, STM32G471MCT6, STM32G471MET3, STM32G471MET6, STM32G471MEY6TR, STM32G471QCT6, STM32G471QET3, STM32G471RCT6, STM32G471RET3, STM32G471RET6, STM32G471VCH6, STM32G471VCI6, STM32G471VCT6, STM32G471VEH3, STM32G471VEH6, STM32G471VEI3, STM32G471VEI6, STM32G471VET3, STM32G471VET6, STM32G474CCT6, STM32H503CBT6, STM32H503CBU6, STM32H503EBY6TR, STM32H503KBU6, STM32H503RBT6, STM32H562AGI6, STM32H562AII6, STM32H562IGK6, STM32H562IGT6, STM32H562IIK6, STM32H562IIT6, STM32H562RGT6, STM32H562RGV6, STM32H562RIT6, STM32H562RIV6, STM32H562VGT6, STM32H562VIT6, STM32H562ZGT6, STM32H562ZIT6, STM32H563AGI6, STM32H563AII3Q, STM32H563AII6, STM32H563IGK6, STM32H563IGT6, STM32H563IIK3Q, STM32H563IIK6, STM32H563IIT3Q, STM32H563IIT6, STM32H563MIY3QTR, STM32H563RGT6, STM32H563RGV6, STM32H563RIT6, STM32H563RIV6, STM32H563VGT6, STM32H563VIT3Q, STM32H563VIT6, STM32H563ZGT6, STM32H563ZIT3Q, STM32H563ZIT6, STM32H573AII3Q, STM32H573AII6, STM32H573I-DK, STM32H573IIK3Q, STM32H573IIK6, STM32H573IIT3Q, STM32H573IIT6, STM32H573MIY3QTR, STM32H573RIT6, STM32H573RIV6, STM32H573VIT3Q, STM32H573VIT6, STM32H573ZIT3Q, STM32H573ZIT6, STM32L4R5QGI6STR, STM32MP131AAE3, STM32MP131AAF3, STM32MP131AAG3, STM32MP131CAE3, STM32MP131CAF3, STM32MP131CAG3, STM32MP131DAE7, STM32MP131DAF7, STM32MP131DAG7, STM32MP131FAE7, STM32MP131FAF7, STM32MP131FAG7, STM32MP133AAE3, STM32MP133AAF3, STM32MP133AAG3, STM32MP133CAE3, STM32MP133CAF3, STM32MP133CAG3, STM32MP133DAE7, STM32MP133DAF7, STM32MP133DAG7, STM32MP133FAE7, STM32MP133FAF7, STM32MP133FAG7, STM32MP135AAE3, STM32MP135AAF3, STM32MP135AAG3, STM32MP135CAE3, STM32MP135CAF3, STM32MP135CAG3, STM32MP135DAE7, STM32MP135DAF7, STM32MP135DAG7, STM32MP135F-DK, STM32MP135FAE7, STM32MP135FAF7, STM32MP135FAF7T, STM32MP135FAF7U, STM32MP135FAG7, STM32U535CBT6, STM32U535CBT6Q, STM32U535CBU6, STM32U535CBU6Q, STM32U535CCT6, STM32U535CCT6Q, STM32U535CCU6, STM32U535CCU6Q, STM32U535CET6, STM32U535CET6Q, STM32U535CEU6, STM32U535CEU6Q, STM32U535JEY6QTR, STM32U535NCY6QTR, STM32U535NEY6QTR, STM32U535RBI6, STM32U535RBI6Q, STM32U535RBT6, STM32U535RBT6Q, STM32U535RCI6, STM32U535RCI6Q, STM32U535RCT6, STM32U535RCT6Q, STM32U535REI6, STM32U535REI6Q, STM32U535RET6, STM32U535RET6Q, STM32U535VCI6, STM32U535VCI6Q, STM32U535VCT6, STM32U535VCT6Q, STM32U535VEI6, STM32U535VEI6Q, STM32U535VET6, STM32U535VET6Q, STM32U545CET6, STM32U545CET6Q, STM32U545CEU6, STM32U545CEU6Q, STM32U545JEY6QTR, STM32U545NEY6QTR, STM32U545REI6, STM32U545REI6Q, STM32U545RET6, STM32U545RET6Q, STM32U545VEI6, STM32U545VEI6Q, STM32U545VET6, STM32U545VET6Q, STM32U595AIH6, STM32U595AIH6Q, STM32U595AJH6, STM32U595AJH6Q, STM32U595QII6, STM32U595QII6Q, STM32U595QJI6, STM32U595QJI6Q, STM32U595RIT6, STM32U595RIT6Q, STM32U595RJT6, STM32U595RJT6Q, STM32U595VIT6, STM32U595VIT6Q, STM32U595VJT6, STM32U595VJT6Q, STM32U595ZIT6, STM32U595ZIT6Q, STM32U595ZIY6QTR, STM32U595ZJT6, STM32U595ZJT6Q, STM32U595ZJY6QTR, STM32U599BJY6QTR, STM32U599NIH6Q, STM32U599NJH6Q, STM32U599VIT6Q, STM32U599VJT6, STM32U599VJT6Q, STM32U599ZIT6Q, STM32U599ZIY6QTR, STM32U599ZJT6Q, STM32U599ZJY6QTR, STM32U5A5AJH6, STM32U5A5AJH6Q, STM32U5A5QJI6, STM32U5A5QJI6Q, STM32U5A5RJT6, STM32U5A5RJT6Q, STM32U5A5VJT6, STM32U5A5VJT6Q, STM32U5A5ZJT6, STM32U5A5ZJT6Q, STM32U5A5ZJY6QTR, STM32U5A9BJY6QTR, STM32U5A9J-DK, STM32U5A9NJH6Q, STM32U5A9VJT6Q, STM32U5A9ZJT6Q, STM32U5A9ZJY6QTR, STM32U5F7VIT6, STM32U5F7VIT6Q, STM32U5F7VJT6, STM32U5F7VJT6Q, STM32U5F9BJY6QTR, STM32U5F9NJH6Q, STM32U5F9VIT6Q, STM32U5F9VJT6Q, STM32U5F9ZIJ6QTR, STM32U5F9ZIT6Q, STM32U5F9ZJJ6QTR, STM32U5F9ZJT6Q, STM32U5G7VJT6, STM32U5G7VJT6Q, STM32U5G9BJY6QTR, STM32U5G9J-DK1, STM32U5G9J-DK2, STM32U5G9NJH6Q, STM32U5G9VJT6Q, STM32U5G9ZJJ6QTR, STM32U5G9ZJT6Q, STM32WB1MMCH6, STM32WBA52CEU6, STM32WBA52CEU6T, STM32WBA52CGU6, STM32WBA52CGU6T, STM32WBA52KEU6, STM32WBA52KEU6T, STM32WBA52KGU6, STM32WBA52KGU6T, STM32WL5MOCH6, STM32WL5MOCH6TR]
2023-11-18 11:22:11,163 [INFO] DbMcus:217 - Found 3848 MCUs, 3848 are supported
2023-11-18 11:22:11,163 [INFO] ApiDb:423 - Load user favorites file C:\Users\joaom/.stm32cubeide/favorites.mcus.txt: 0 item(s)
2023-11-18 11:22:11,163 [INFO] ApiDb:427 - User favorites MCUs=[]
2023-11-18 11:22:11,163 [INFO] DbMcus:223 - Set 0 / 0 favorites MCUs
2023-11-18 11:22:11,386 [WARN] ThirdParty:833 - waiting for thirdparty lock release [change project]
2023-11-18 11:22:11,386 [INFO] ThirdParty:835 - entering critical section [change project]
2023-11-18 11:22:11,386 [INFO] ThirdParty:1030 - CMSIS Pack Vendor :STMicroelectronics USBPD 4.1
2023-11-18 11:22:11,387 [INFO] ThirdParty:1030 - CMSIS Pack Vendor :STMicroelectronics X-CUBE-GNSS1 6.0.0
2023-11-18 11:22:11,387 [INFO] ThirdParty:1030 - CMSIS Pack Vendor :STMicroelectronics USB_HOST 2.0.0
2023-11-18 11:22:11,387 [INFO] ThirdParty:1030 - CMSIS Pack Vendor :STMicroelectronics X-CUBE-AZRTOS-F4 1.1.0
2023-11-18 11:22:11,387 [INFO] ThirdParty:1030 - CMSIS Pack Vendor :STMicroelectronics LIBJPEG 8.0.0
2023-11-18 11:22:11,387 [INFO] ThirdParty:1030 - CMSIS Pack Vendor :STMicroelectronics X-CUBE-SMBUS 2.1.0
2023-11-18 11:22:11,387 [INFO] ThirdParty:1030 - CMSIS Pack Vendor :STMicroelectronics X-CUBE-MEMS1 9.2.0
2023-11-18 11:22:11,387 [INFO] ThirdParty:1030 - CMSIS Pack Vendor :STMicroelectronics X-CUBE-BLEMGR 1.2.0
2023-11-18 11:22:11,387 [INFO] ThirdParty:1030 - CMSIS Pack Vendor :STMicroelectronics X-CUBE-AZRTOS-F7 1.1.0
2023-11-18 11:22:11,387 [INFO] ThirdParty:1030 - CMSIS Pack Vendor :STMicroelectronics USB_DEVICE 2.0.0
2023-11-18 11:22:11,387 [INFO] ThirdParty:1030 - CMSIS Pack Vendor :STMicroelectronics X-CUBE-AI 7.1.0
2023-11-18 11:22:11,387 [INFO] ThirdParty:1030 - CMSIS Pack Vendor :STMicroelectronics X-CUBE-TOUCHGFX 4.19.1
2023-11-18 11:22:11,387 [INFO] ThirdParty:1030 - CMSIS Pack Vendor :STMicroelectronics X-CUBE-BLE1 6.2.3
2023-11-18 11:22:11,387 [INFO] ThirdParty:1030 - CMSIS Pack Vendor :STMicroelectronics X-CUBE-BLE1 6.2.4
2023-11-18 11:22:11,387 [INFO] ThirdParty:1030 - CMSIS Pack Vendor :STMicroelectronics FreeRTOS 0.0.1
2023-11-18 11:22:11,387 [INFO] ThirdParty:1030 - CMSIS Pack Vendor :STMicroelectronics X-CUBE-BLEMGR 2.0.0
2023-11-18 11:22:11,387 [INFO] ThirdParty:1030 - CMSIS Pack Vendor :STMicroelectronics X-CUBE-BLE1 6.2.1
2023-11-18 11:22:11,387 [INFO] ThirdParty:1030 - CMSIS Pack Vendor :STMicroelectronics X-CUBE-BLE1 6.2.2
2023-11-18 11:22:11,387 [INFO] ThirdParty:1030 - CMSIS Pack Vendor :STMicroelectronics X-CUBE-NFC4 2.0.5
2023-11-18 11:22:11,387 [INFO] ThirdParty:1030 - CMSIS Pack Vendor :STMicroelectronics X-CUBE-NFC4 2.0.4
2023-11-18 11:22:11,387 [INFO] ThirdParty:1030 - CMSIS Pack Vendor :STMicroelectronics X-CUBE-BLE2 3.2.2
2023-11-18 11:22:11,387 [INFO] ThirdParty:1030 - CMSIS Pack Vendor :STMicroelectronics X-CUBE-NFC4 2.0.3
2023-11-18 11:22:11,387 [INFO] ThirdParty:1030 - CMSIS Pack Vendor :STMicroelectronics X-CUBE-AZRTOS-H7 3.1.0
2023-11-18 11:22:11,387 [INFO] ThirdParty:1030 - CMSIS Pack Vendor :STMicroelectronics X-CUBE-TOUCHGFX 4.19.0
2023-11-18 11:22:11,387 [INFO] ThirdParty:1030 - CMSIS Pack Vendor :STMicroelectronics PDM2PCM 3.3.0
2023-11-18 11:22:11,387 [INFO] ThirdParty:1030 - CMSIS Pack Vendor :STMicroelectronics X-CUBE-TOF1 3.1.0
2023-11-18 11:22:11,387 [INFO] ThirdParty:1030 - CMSIS Pack Vendor :STMicroelectronics X-CUBE-SFXS2LP1 3.1.0
2023-11-18 11:22:11,387 [INFO] ThirdParty:1030 - CMSIS Pack Vendor :STMicroelectronics X-CUBE-DISPLAY 3.0.0
2023-11-18 11:22:11,387 [INFO] ThirdParty:1030 - CMSIS Pack Vendor :STMicroelectronics X-CUBE-AZRTOS-F4 1.0.0
2023-11-18 11:22:11,387 [INFO] ThirdParty:1030 - CMSIS Pack Vendor :STMicroelectronics X-CUBE-TOF1 2.0.0
2023-11-18 11:22:11,387 [INFO] ThirdParty:1030 - CMSIS Pack Vendor :STMicroelectronics HAL Drivers 0.0.0
2023-11-18 11:22:11,387 [INFO] ThirdParty:1030 - CMSIS Pack Vendor :STMicroelectronics MBEDTLS 2.14.1
2023-11-18 11:22:11,387 [INFO] ThirdParty:1030 - CMSIS Pack Vendor :STMicroelectronics X-CUBE-NFC7 1.0.0
2023-11-18 11:22:11,387 [INFO] ThirdParty:1030 - CMSIS Pack Vendor :STMicroelectronics X-CUBE-SUBG2 4.2.0
2023-11-18 11:22:11,387 [INFO] ThirdParty:1030 - CMSIS Pack Vendor :STMicroelectronics X-CUBE-MEMS1 9.3.0
2023-11-18 11:22:11,387 [INFO] ThirdParty:1030 - CMSIS Pack Vendor :STMicroelectronics X-CUBE-EEPRMA1 4.1.0
2023-11-18 11:22:11,387 [INFO] ThirdParty:1030 - CMSIS Pack Vendor :STMicroelectronics X-CUBE-AI 7.2.0
2023-11-18 11:22:11,387 [INFO] ThirdParty:1030 - CMSIS Pack Vendor :STMicroelectronics X-CUBE-ALGOBUILD 1.2.1
2023-11-18 11:22:11,387 [INFO] ThirdParty:1030 - CMSIS Pack Vendor :STMicroelectronics USB_DEVICE 1.0.0
2023-11-18 11:22:11,387 [INFO] ThirdParty:1030 - CMSIS Pack Vendor :STMicroelectronics X-CUBE-AZRTOS-G0 1.0.0
2023-11-18 11:22:11,387 [INFO] ThirdParty:1030 - CMSIS Pack Vendor :STMicroelectronics ThreadX 0.0.2
2023-11-18 11:22:11,387 [INFO] ThirdParty:1030 - CMSIS Pack Vendor :WES I-CUBE-Cesium 1.3.0
2023-11-18 11:22:11,387 [INFO] ThirdParty:1030 - CMSIS Pack Vendor :STMicroelectronics lwIP 2.1.2
2023-11-18 11:22:11,387 [INFO] ThirdParty:1030 - CMSIS Pack Vendor :STMicroelectronics X-CUBE-SFXS2LP1 4.0.0
2023-11-18 11:22:11,387 [INFO] ThirdParty:1030 - CMSIS Pack Vendor :STMicroelectronics X-CUBE-BLE2 3.3.0
2023-11-18 11:22:11,387 [INFO] ThirdParty:1030 - CMSIS Pack Vendor :STMicroelectronics X-CUBE-DISPLAY 2.2.0
2023-11-18 11:22:11,387 [INFO] ThirdParty:1030 - CMSIS Pack Vendor :STMicroelectronics X-CUBE-TOF1 3.2.0
2023-11-18 11:22:11,387 [INFO] ThirdParty:1030 - CMSIS Pack Vendor :STMicroelectronics PDM2PCM 3.2.0
2023-11-18 11:22:11,388 [INFO] ThirdParty:1030 - CMSIS Pack Vendor :STMicroelectronics X-CUBE-TOUCHGFX 4.18.1
2023-11-18 11:22:11,388 [INFO] ThirdParty:1030 - CMSIS Pack Vendor :STMicroelectronics X-CUBE-TOUCHGFX 4.18.0
2023-11-18 11:22:11,388 [INFO] ThirdParty:1030 - CMSIS Pack Vendor :STMicroelectronics X-CUBE-ISPU 1.0.0
2023-11-18 11:22:11,388 [INFO] ThirdParty:1030 - CMSIS Pack Vendor :wolfSSL I-CUBE-wolfSSL 5.0.0
2023-11-18 11:22:11,388 [INFO] ThirdParty:1030 - CMSIS Pack Vendor :STMicroelectronics X-CUBE-ISPU 1.1.0
2023-11-18 11:22:11,388 [INFO] ThirdParty:1030 - CMSIS Pack Vendor :RoweBots I-CUBE-UNISONRTOS 5.5.0-4
2023-11-18 11:22:11,388 [INFO] ThirdParty:1030 - CMSIS Pack Vendor :STMicroelectronics X-CUBE-AZRTOS-H7 2.1.0
2023-11-18 11:22:11,388 [INFO] ThirdParty:1030 - CMSIS Pack Vendor :STMicroelectronics USB_DEVICE 3.0.0
2023-11-18 11:22:11,388 [INFO] ThirdParty:1030 - CMSIS Pack Vendor :STMicroelectronics X-CUBE-AI 8.0.0
2023-11-18 11:22:11,388 [INFO] ThirdParty:1030 - CMSIS Pack Vendor :STMicroelectronics X-CUBE-FREERTOS 1.0.1
2023-11-18 11:22:11,388 [INFO] ThirdParty:1030 - CMSIS Pack Vendor :STMicroelectronics X-CUBE-TOUCHGFX 4.21.3
2023-11-18 11:22:11,388 [INFO] ThirdParty:1030 - CMSIS Pack Vendor :STMicroelectronics X-CUBE-BLEMGR 1.0.0
2023-11-18 11:22:11,388 [INFO] ThirdParty:1030 - CMSIS Pack Vendor :STMicroelectronics X-CUBE-AI 7.3.0
2023-11-18 11:22:11,388 [INFO] ThirdParty:1030 - CMSIS Pack Vendor :STMicroelectronics X-CUBE-ALGOBUILD 1.3.0
2023-11-18 11:22:11,388 [INFO] ThirdParty:1030 - CMSIS Pack Vendor :STMicroelectronics X-CUBE-AZRTOS-L5 1.1.0
2023-11-18 11:22:11,388 [INFO] ThirdParty:1030 - CMSIS Pack Vendor :STMicroelectronics X-CUBE-AZRTOS-G0 1.1.0
2023-11-18 11:22:11,388 [INFO] ThirdParty:1030 - CMSIS Pack Vendor :STMicroelectronics X-CUBE-SUBG2 5.0.0
2023-11-18 11:22:11,388 [INFO] ThirdParty:1030 - CMSIS Pack Vendor :STMicroelectronics X-CUBE-NFC4 3.0.0
2023-11-18 11:22:11,388 [INFO] ThirdParty:1030 - CMSIS Pack Vendor :SEGGER I-CUBE-embOS 1.2.0
2023-11-18 11:22:11,388 [INFO] ThirdParty:1030 - CMSIS Pack Vendor :STMicroelectronics STM32_WPAN 1.0.0
2023-11-18 11:22:11,388 [INFO] ThirdParty:1030 - CMSIS Pack Vendor :STMicroelectronics lwIP 2.0.3
2023-11-18 11:22:11,388 [INFO] ThirdParty:1030 - CMSIS Pack Vendor :STMicroelectronics USB_HOST 1.0.0
2023-11-18 11:22:11,388 [INFO] ThirdParty:1030 - CMSIS Pack Vendor :STMicroelectronics X-CUBE-DISPLAY 2.1.0
2023-11-18 11:22:11,388 [INFO] ThirdParty:1030 - CMSIS Pack Vendor :STMicroelectronics PDM2PCM 3.1.0
2023-11-18 11:22:11,388 [INFO] ThirdParty:1030 - CMSIS Pack Vendor :STMicroelectronics X-CUBE-TOF1 3.3.0
2023-11-18 11:22:11,388 [INFO] ThirdParty:1030 - CMSIS Pack Vendor :STMicroelectronics FP-ATR-ASTRA1 1.1.1
2023-11-18 11:22:11,388 [INFO] ThirdParty:1030 - CMSIS Pack Vendor :STMicroelectronics FP-ATR-ASTRA1 1.1.0
2023-11-18 11:22:11,388 [INFO] ThirdParty:1030 - CMSIS Pack Vendor :STMicroelectronics X-CUBE-AZRTOS-H7 2.0.0
2023-11-18 11:22:11,388 [INFO] ThirdParty:1030 - CMSIS Pack Vendor :STMicroelectronics X-CUBE-AZRTOS-G4 1.0.0
2023-11-18 11:22:11,388 [INFO] ThirdParty:1030 - CMSIS Pack Vendor :STMicroelectronics FP-ATR-SIGFOX1 3.2.0
2023-11-18 11:22:11,388 [INFO] ThirdParty:1030 - CMSIS Pack Vendor :STMicroelectronics X-CUBE-AZRTOS-L4 1.0.0
2023-11-18 11:22:11,388 [INFO] ThirdParty:1030 - CMSIS Pack Vendor :STMicroelectronics MBEDTLS 2.16.2
2023-11-18 11:22:11,388 [INFO] ThirdParty:1030 - CMSIS Pack Vendor :emotas I-CUBE-CANOPEN 1.1.2
2023-11-18 11:22:11,388 [INFO] ThirdParty:1030 - CMSIS Pack Vendor :STMicroelectronics X-CUBE-TOUCHGFX 4.20.0
2023-11-18 11:22:11,388 [INFO] ThirdParty:1030 - CMSIS Pack Vendor :STMicroelectronics X-CUBE-AZRTOS-F7 1.0.0
2023-11-18 11:22:11,388 [INFO] ThirdParty:1030 - CMSIS Pack Vendor :STMicroelectronics X-CUBE-AZRTOS-WL 1.0.0
2023-11-18 11:22:11,388 [INFO] ThirdParty:1030 - CMSIS Pack Vendor :STMicroelectronics X-CUBE-MEMS1 9.1.0
2023-11-18 11:22:11,388 [INFO] ThirdParty:1030 - CMSIS Pack Vendor :portGmbH I-Cube-SoM-uGOAL 1.1.0
2023-11-18 11:22:11,388 [INFO] ThirdParty:1030 - CMSIS Pack Vendor :STMicroelectronics X-CUBE-ALS 1.0.1
2023-11-18 11:22:11,388 [INFO] ThirdParty:1030 - CMSIS Pack Vendor :STMicroelectronics X-CUBE-MEMS1 9.5.0
2023-11-18 11:22:11,388 [INFO] ThirdParty:1030 - CMSIS Pack Vendor :STMicroelectronics X-CUBE-AI 7.0.0
2023-11-18 11:22:11,388 [INFO] ThirdParty:1030 - CMSIS Pack Vendor :STMicroelectronics ThreadX 1.0.0
2023-11-18 11:22:11,388 [INFO] ThirdParty:1030 - CMSIS Pack Vendor :STMicroelectronics X-CUBE-AZRTOS-WB 1.1.0
2023-11-18 11:22:11,388 [INFO] ThirdParty:1030 - CMSIS Pack Vendor :SEGGER I-CUBE-embOS 1.3.1
2023-11-18 11:22:11,388 [INFO] ThirdParty:1030 - CMSIS Pack Vendor :STMicroelectronics X-CUBE-AZRTOS-L5 1.0.0
2023-11-18 11:22:11,388 [INFO] ThirdParty:1030 - CMSIS Pack Vendor :STMicroelectronics X-CUBE-EEPRMA1 3.1.0
2023-11-18 11:22:11,388 [INFO] ThirdParty:1030 - CMSIS Pack Vendor :STMicroelectronics X-CUBE-EEPRMA1 3.1.1
2023-11-18 11:22:11,388 [INFO] ThirdParty:1030 - CMSIS Pack Vendor :STMicroelectronics X-CUBE-GNSS1 5.2.0
2023-11-18 11:22:11,388 [INFO] ThirdParty:1030 - CMSIS Pack Vendor :STMicroelectronics FP-ATR-ASTRA1 2.0.0
2023-11-18 11:22:11,389 [INFO] ThirdParty:1030 - CMSIS Pack Vendor :STMicroelectronics X-CUBE-DISPLAY 2.0.0
2023-11-18 11:22:11,389 [INFO] ThirdParty:1030 - CMSIS Pack Vendor :STMicroelectronics X-CUBE-DISPLAY 2.0.1
2023-11-18 11:22:11,389 [INFO] ThirdParty:1030 - CMSIS Pack Vendor :STMicroelectronics X-CUBE-TOF1 3.0.0
2023-11-18 11:22:11,389 [INFO] ThirdParty:841 - exiting critical section [change project]
2023-11-18 11:22:11,751 [INFO] PinOutPanel:1499 - setPackage(No Configuration,No Configuration)
2023-11-18 11:22:11,752 [INFO] PinOutPanel:1499 - setPackage(STM32L496ZGTxP,LQFP144)
2023-11-18 11:22:11,871 [WARN] IP:2114 - MSIAutoCalibration not found: check if there is a RefParameter without a condition.
2023-11-18 11:22:12,107 [WARN] IP:2114 - MSIAutoCalibration not found: check if there is a RefParameter without a condition.
2023-11-18 11:22:12,193 [WARN] IP:2114 - MSIAutoCalibration not found: check if there is a RefParameter without a condition.
2023-11-18 11:22:12,256 [WARN] IP:2114 - MSIAutoCalibration not found: check if there is a RefParameter without a condition.
2023-11-18 11:22:12,261 [INFO] UtilMem:75 - Before build in PCC Used Memory: 754821344 Bytes (1073741824)
2023-11-18 11:22:12,919 [INFO] UtilMem:75 - After build in PCC Used Memory: 892129384 Bytes (1073741824)
2023-11-18 11:22:12,999 [INFO] ApiDbMcu:507 - Load IP Config File for FREERTOS
2023-11-18 11:22:13,006 [INFO] ApiDbMcu:507 - Load IP Config File for USB_DEVICE
2023-11-18 11:22:13,042 [INFO] IPUIPlugin:80 - create IPUIPlugin
2023-11-18 11:22:13,042 [INFO] IPUIPlugin:80 - create IPUIPlugin
2023-11-18 11:22:13,042 [INFO] IPUIPlugin:80 - create IPUIPlugin
2023-11-18 11:22:13,042 [INFO] IPUIPlugin:80 - create IPUIPlugin
2023-11-18 11:22:13,043 [INFO] IPUIPlugin:80 - create IPUIPlugin
2023-11-18 11:22:13,043 [INFO] IPUIPlugin:80 - create IPUIPlugin
2023-11-18 11:22:13,043 [INFO] IPUIPlugin:80 - create IPUIPlugin
2023-11-18 11:22:13,043 [INFO] IPUIPlugin:80 - create IPUIPlugin
2023-11-18 11:22:13,043 [INFO] IPUIPlugin:80 - create IPUIPlugin
2023-11-18 11:22:13,043 [INFO] IPUIPlugin:80 - create IPUIPlugin
2023-11-18 11:22:13,043 [INFO] IPUIPlugin:80 - create IPUIPlugin
2023-11-18 11:22:13,043 [INFO] IPUIPlugin:80 - create IPUIPlugin
2023-11-18 11:22:13,043 [INFO] IPUIPlugin:80 - create IPUIPlugin
2023-11-18 11:22:13,043 [INFO] IPUIPlugin:80 - create IPUIPlugin
2023-11-18 11:22:13,043 [INFO] IPUIPlugin:80 - create IPUIPlugin
2023-11-18 11:22:13,043 [INFO] IPUIPlugin:80 - create IPUIPlugin
2023-11-18 11:22:13,043 [INFO] IPUIPlugin:80 - create IPUIPlugin
2023-11-18 11:22:13,043 [INFO] IPUIPlugin:80 - create IPUIPlugin
2023-11-18 11:22:13,043 [INFO] IPUIPlugin:80 - create IPUIPlugin
2023-11-18 11:22:13,043 [INFO] IPUIPlugin:80 - create IPUIPlugin
2023-11-18 11:22:13,044 [INFO] IPUIPlugin:80 - create IPUIPlugin
2023-11-18 11:22:13,044 [INFO] IPUIPlugin:80 - create IPUIPlugin
2023-11-18 11:22:13,044 [INFO] IPUIPlugin:80 - create IPUIPlugin
2023-11-18 11:22:13,044 [INFO] IPUIPlugin:80 - create IPUIPlugin
2023-11-18 11:22:13,044 [INFO] IPUIPlugin:80 - create IPUIPlugin
2023-11-18 11:22:13,044 [INFO] IPUIPlugin:80 - create IPUIPlugin
2023-11-18 11:22:13,044 [INFO] IPUIPlugin:80 - create IPUIPlugin
2023-11-18 11:22:13,044 [INFO] IPUIPlugin:80 - create IPUIPlugin
2023-11-18 11:22:13,045 [INFO] IPUIPlugin:80 - create IPUIPlugin
2023-11-18 11:22:13,045 [INFO] IPUIPlugin:80 - create IPUIPlugin
2023-11-18 11:22:13,045 [INFO] IPUIPlugin:80 - create IPUIPlugin
2023-11-18 11:22:13,045 [INFO] IPUIPlugin:80 - create IPUIPlugin
2023-11-18 11:22:13,045 [INFO] IPUIPlugin:80 - create IPUIPlugin
2023-11-18 11:22:13,045 [INFO] IPUIPlugin:80 - create IPUIPlugin
2023-11-18 11:22:13,045 [INFO] IPUIPlugin:80 - create IPUIPlugin
2023-11-18 11:22:13,045 [INFO] IPUIPlugin:80 - create IPUIPlugin
2023-11-18 11:22:13,046 [INFO] IPUIPlugin:80 - create IPUIPlugin
2023-11-18 11:22:13,046 [INFO] IPUIPlugin:80 - create IPUIPlugin
2023-11-18 11:22:13,046 [INFO] IPUIPlugin:80 - create IPUIPlugin
2023-11-18 11:22:13,046 [INFO] IPUIPlugin:80 - create IPUIPlugin
2023-11-18 11:22:13,046 [INFO] IPUIPlugin:80 - create IPUIPlugin
2023-11-18 11:22:13,047 [INFO] IPUIPlugin:80 - create IPUIPlugin
2023-11-18 11:22:13,047 [INFO] IPUIPlugin:80 - create IPUIPlugin
2023-11-18 11:22:13,047 [INFO] IPUIPlugin:80 - create IPUIPlugin
2023-11-18 11:22:13,047 [INFO] IPUIPlugin:80 - create IPUIPlugin
2023-11-18 11:22:13,048 [INFO] IPUIPlugin:80 - create IPUIPlugin
2023-11-18 11:22:13,048 [INFO] IPUIPlugin:80 - create IPUIPlugin
2023-11-18 11:22:13,048 [INFO] IPUIPlugin:80 - create IPUIPlugin
2023-11-18 11:22:13,048 [INFO] IPUIPlugin:80 - create IPUIPlugin
2023-11-18 11:22:13,048 [INFO] IPUIPlugin:80 - create IPUIPlugin
2023-11-18 11:22:13,048 [INFO] IPUIPlugin:80 - create IPUIPlugin
2023-11-18 11:22:13,049 [INFO] IPUIPlugin:80 - create IPUIPlugin
2023-11-18 11:22:13,049 [INFO] IPUIPlugin:80 - create IPUIPlugin
2023-11-18 11:22:13,049 [INFO] IPUIPlugin:80 - create IPUIPlugin
2023-11-18 11:22:13,049 [INFO] IPUIPlugin:80 - create IPUIPlugin
2023-11-18 11:22:13,049 [INFO] IPUIPlugin:80 - create IPUIPlugin
2023-11-18 11:22:13,049 [INFO] IPUIPlugin:80 - create IPUIPlugin
2023-11-18 11:22:13,050 [INFO] IPUIPlugin:80 - create IPUIPlugin
2023-11-18 11:22:13,050 [INFO] IPUIPlugin:80 - create IPUIPlugin
2023-11-18 11:22:13,050 [INFO] IPUIPlugin:80 - create IPUIPlugin
2023-11-18 11:22:13,050 [INFO] IPUIPlugin:80 - create IPUIPlugin
2023-11-18 11:22:13,051 [INFO] IPUIPlugin:80 - create IPUIPlugin
2023-11-18 11:22:13,051 [INFO] IPUIPlugin:80 - create IPUIPlugin
2023-11-18 11:22:13,051 [INFO] IPUIPlugin:80 - create IPUIPlugin
2023-11-18 11:22:13,088 [WARN] FreeRTOS:1023 - Null or empty value: should not occur! (nothing added to the table)
2023-11-18 11:22:13,273 [INFO] CADModel:165 - CPN selected for project levelSTM32L496ZGT6P
2023-11-18 11:22:13,274 [INFO] CADModel:114 - Register for checkConnection events
2023-11-18 11:22:13,276 [INFO] RtosManager:697 - Active RTOS found at IOC load: FREERTOS [Cortex-M4NS]
2023-11-18 11:22:13,326 [INFO] OpenFileManager:328 - Restore cursor
2023-11-18 11:22:13,443 [WARN] IP:2114 - MSIAutoCalibration not found: check if there is a RefParameter without a condition.
2023-11-18 11:22:13,451 [WARN] IP:2114 - MSIAutoCalibration not found: check if there is a RefParameter without a condition.
2023-11-18 11:22:23,650 [WARN] IP:2114 - MSIAutoCalibration not found: check if there is a RefParameter without a condition.
2023-11-18 11:22:25,662 [WARN] IP:2114 - MSIAutoCalibration not found: check if there is a RefParameter without a condition.
2023-11-18 11:22:25,667 [WARN] IP:2114 - MSIAutoCalibration not found: check if there is a RefParameter without a condition.
